0 silly argv {
0 silly argv   _: [ 'run' ],
0 silly argv   lernaVersion: '5.4.3',
0 silly argv   '$0': 'node_modules\\lerna\\cli.js',
0 silly argv   script: 'test'
0 silly argv }
1 notice cli v5.4.3
2 verbose rootPath C:\Storage\Coding\andromeda-game\game_andromeda
3 error JSONError: Unexpected token "<" (0x3C) in JSON at position 283 while parsing near "... \"dependencies\": {\r\n<<<<<<< HEAD\r\n    \"c..." in packages\client\package.json
3 error
3 error   12 |   },
3 error   13 |   "dependencies": {
3 error > 14 | <<<<<<< HEAD
3 error      | ^
3 error   15 |     "classnames": "^2.3.2",
3 error   16 |     "dotenv": "^16.0.2",
3 error   17 |     "eslint-config-prettier": "^8.5.0",
3 error
3 error     at parseJson (C:\Storage\Coding\andromeda-game\game_andromeda\node_modules\parse-json\index.js:29:21)
3 error     at parse (C:\Storage\Coding\andromeda-game\game_andromeda\node_modules\load-json-file\index.js:15:9)
3 error     at module.exports (C:\Storage\Coding\andromeda-game\game_andromeda\node_modules\load-json-file\index.js:18:47)
